<?xml version="1.0" encoding="UTF-8"?>
<!-- Generated by org.testng.reporters.JUnitReportReporter -->
<testsuite hostname="DESKTOP-VRBAL0D" failures="0" tests="7" name="Runner.TestRunner" time="30.507" errors="0" timestamp="2022-09-28T01:55:21 IST" skipped="0">
  <testcase classname="Runner.TestRunner" name="runScenario" time="7.573"/>
  <system-out/>
  <testcase classname="Runner.TestRunner" name="runScenario" time="6.637"/>
  <system-out/>
  <testcase classname="Runner.TestRunner" name="runScenario" time="0.032"/>
  <system-out/>
  <testcase classname="Runner.TestRunner" name="runScenario" time="6.838"/>
  <system-out/>
  <testcase classname="Runner.TestRunner" name="runScenario" time="9.257"/>
  <system-out/>
  <testcase classname="Runner.TestRunner" name="runScenario" time="0.010"/>
  <system-out/>
  <testcase classname="Runner.TestRunner" name="runScenario" time="0.160"/>
  <system-out/>
</testsuite> <!-- Runner.TestRunner -->
