<?xml version="1.0" encoding="UTF-8"?>
<!-- Generated by org.testng.reporters.JUnitReportReporter -->
<testsuite hostname="DESKTOP-VRBAL0D" failures="0" tests="2" name="mobileTC.MobileLogin" time="0.005" errors="0" timestamp="2022-09-20T23:55:27 IST" skipped="0">
  <testcase classname="mobileTC.MobileLogin" name="mobilem3" time="0.004"/>
  <system-out/>
  <testcase classname="mobileTC.MobileLogin" name="mobilem2" time="0.001"/>
  <system-out/>
</testsuite> <!-- mobileTC.MobileLogin -->
