<?xml version="1.0" encoding="UTF-8"?>
<!-- Generated by org.testng.reporters.JUnitReportReporter -->
<testsuite hostname="DESKTOP-VRBAL0D" failures="0" tests="3" name="testcases.TestNGDataProvider" time="11.213" errors="0" timestamp="2022-09-22T00:01:25 IST" skipped="0">
  <testcase classname="testcases.TestNGDataProvider" name="validateLoginTest" time="3.691"/>
  <system-out/>
  <testcase classname="testcases.TestNGDataProvider" name="validateLoginTest" time="3.759"/>
  <system-out/>
  <testcase classname="testcases.TestNGDataProvider" name="validateLoginTest" time="3.763"/>
  <system-out/>
</testsuite> <!-- testcases.TestNGDataProvider -->
