<?xml version="1.0" encoding="UTF-8"?>
<!-- Generated by org.testng.reporters.JUnitReportReporter -->
<testsuite hostname="DESKTOP-VRBAL0D" failures="0" tests="1" name="testcases.ParametrizedTC" time="6.151" errors="0" timestamp="2022-09-21T02:02:01 IST" skipped="0">
  <testcase classname="testcases.ParametrizedTC" name="loginTest" time="6.151"/>
  <system-out/>
</testsuite> <!-- testcases.ParametrizedTC -->
