<?xml version="1.0" encoding="UTF-8"?>
<!-- Generated by org.testng.reporters.JUnitReportReporter -->
<testsuite hostname="DESKTOP-VRBAL0D" failures="0" tests="6" name="testcases.TestNGBasicAnnotations" time="0.019" errors="0" timestamp="2022-09-21T00:46:30 IST" skipped="0">
  <testcase classname="testcases.TestNGBasicAnnotations" name="AppleTest" time="0.006"/>
  <system-out/>
  <testcase classname="testcases.TestNGBasicAnnotations" name="ValidateLogo" time="0.002"/>
  <system-out/>
  <testcase classname="testcases.TestNGBasicAnnotations" name="loginTest" time="0.001"/>
  <system-out/>
  <testcase classname="testcases.TestNGBasicAnnotations" name="zebraTC" time="0.004"/>
  <system-out/>
  <testcase classname="testcases.TestNGBasicAnnotations" name="validateTitleTC" time="0.004"/>
  <system-out/>
  <testcase classname="testcases.TestNGBasicAnnotations" name="abcTC" time="0.002"/>
  <system-out/>
</testsuite> <!-- testcases.TestNGBasicAnnotations -->
