<?xml version="1.0" encoding="UTF-8"?>
<!-- Generated by org.testng.reporters.JUnitReportReporter -->
<testsuite hostname="DESKTOP-VRBAL0D" failures="0" tests="1" name="testcases.ParametrizedTC" time="3.903" errors="0" timestamp="2022-09-22T00:01:25 IST" skipped="0">
  <testcase classname="testcases.ParametrizedTC" name="loginTest" time="3.903"/>
  <system-out/>
</testsuite> <!-- testcases.ParametrizedTC -->
