<?xml version="1.0" encoding="UTF-8"?>
<!-- Generated by org.testng.reporters.JUnitReportReporter -->
<testsuite hostname="DESKTOP-VRBAL0D" failures="0" tests="4" name="testcases.MultiThreadedTC" time="0.230" errors="0" timestamp="2022-09-22T00:34:49 IST" skipped="0">
  <testcase classname="testcases.MultiThreadedTC" name="TC1" time="0.059"/>
  <system-out/>
  <testcase classname="testcases.MultiThreadedTC" name="TC2" time="0.052"/>
  <system-out/>
  <testcase classname="testcases.MultiThreadedTC" name="TC3" time="0.059"/>
  <system-out/>
  <testcase classname="testcases.MultiThreadedTC" name="TC4" time="0.060"/>
  <system-out/>
</testsuite> <!-- testcases.MultiThreadedTC -->
