<?xml version="1.0" encoding="UTF-8"?>
<!-- Generated by org.testng.reporters.JUnitReportReporter -->
<testsuite hostname="DESKTOP-VRBAL0D" failures="0" tests="3" name="testcases.InvocationDemo" time="0.003" errors="0" timestamp="2022-09-20T23:55:27 IST" skipped="0">
  <testcase classname="testcases.InvocationDemo" name="loginTC" time="0.001"/>
  <system-out/>
  <testcase classname="testcases.InvocationDemo" name="loginTC" time="0.001"/>
  <system-out/>
  <testcase classname="testcases.InvocationDemo" name="loginTC" time="0.001"/>
  <system-out/>
</testsuite> <!-- testcases.InvocationDemo -->
