<?xml version="1.0" encoding="UTF-8"?>
<!-- Generated by org.testng.reporters.JUnitReportReporter -->
<testsuite hostname="DESKTOP-VRBAL0D" failures="0" tests="3" name="testcases.InvocationDemo" time="0.010" errors="0" timestamp="2022-09-22T00:01:25 IST" skipped="0">
  <testcase classname="testcases.InvocationDemo" name="loginTC" time="0.001"/>
  <system-out/>
  <testcase classname="testcases.InvocationDemo" name="loginTC" time="0.004"/>
  <system-out/>
  <testcase classname="testcases.InvocationDemo" name="loginTC" time="0.005"/>
  <system-out/>
</testsuite> <!-- testcases.InvocationDemo -->
